----------------------------------------------------------------
2011-07-15 09:33:31.288 GMT:
 Booting Derby version The Apache Software Foundation - Apache Derby - 10.5.3.0 - (802917): instance a816c00e-0131-2d24-cacf-000001495e78
on database directory /Users/kimmo/intellij-projects/grails-mgnl/web-app/repositories/magnolia/version/db  

Database Class Loader started - derby.database.classpath=''
----------------------------------------------------------------
2011-07-15 09:33:32.608 GMT:
 Booting Derby version The Apache Software Foundation - Apache Derby - 10.5.3.0 - (802917): instance 52da80c5-0131-2d24-cacf-000001495e78
on database directory /Users/kimmo/intellij-projects/grails-mgnl/web-app/repositories/magnolia/workspaces/default/db  

Database Class Loader started - derby.database.classpath=''
----------------------------------------------------------------
2011-07-15 09:33:34.452 GMT:
 Booting Derby version The Apache Software Foundation - Apache Derby - 10.5.3.0 - (802917): instance 06b1817d-0131-2d24-cacf-000001495e78
on database directory /Users/kimmo/intellij-projects/grails-mgnl/web-app/repositories/magnolia/workspaces/website/db  

Database Class Loader started - derby.database.classpath=''
----------------------------------------------------------------
2011-07-15 09:33:35.165 GMT:
 Booting Derby version The Apache Software Foundation - Apache Derby - 10.5.3.0 - (802917): instance db988235-0131-2d24-cacf-000001495e78
on database directory /Users/kimmo/intellij-projects/grails-mgnl/web-app/repositories/magnolia/workspaces/config/db  

Database Class Loader started - derby.database.classpath=''
----------------------------------------------------------------
2011-07-15 09:33:35.915 GMT:
 Booting Derby version The Apache Software Foundation - Apache Derby - 10.5.3.0 - (802917): instance d18f82ed-0131-2d24-cacf-000001495e78
on database directory /Users/kimmo/intellij-projects/grails-mgnl/web-app/repositories/magnolia/workspaces/users/db  

Database Class Loader started - derby.database.classpath=''
----------------------------------------------------------------
2011-07-15 09:33:36.489 GMT:
 Booting Derby version The Apache Software Foundation - Apache Derby - 10.5.3.0 - (802917): instance e89683a5-0131-2d24-cacf-000001495e78
on database directory /Users/kimmo/intellij-projects/grails-mgnl/web-app/repositories/magnolia/workspaces/userroles/db  

Database Class Loader started - derby.database.classpath=''
----------------------------------------------------------------
2011-07-15 09:33:36.905 GMT:
 Booting Derby version The Apache Software Foundation - Apache Derby - 10.5.3.0 - (802917): instance 20ad845d-0131-2d24-cacf-000001495e78
on database directory /Users/kimmo/intellij-projects/grails-mgnl/web-app/repositories/magnolia/workspaces/usergroups/db  

Database Class Loader started - derby.database.classpath=''
----------------------------------------------------------------
2011-07-15 09:33:37.210 GMT:
 Booting Derby version The Apache Software Foundation - Apache Derby - 10.5.3.0 - (802917): instance 79d48515-0131-2d24-cacf-000001495e78
on database directory /Users/kimmo/intellij-projects/grails-mgnl/web-app/repositories/magnolia/workspaces/mgnlSystem/db  

Database Class Loader started - derby.database.classpath=''
----------------------------------------------------------------
2011-07-15 09:33:37.578 GMT:
 Booting Derby version The Apache Software Foundation - Apache Derby - 10.5.3.0 - (802917): instance f40b85cd-0131-2d24-cacf-000001495e78
on database directory /Users/kimmo/intellij-projects/grails-mgnl/web-app/repositories/magnolia/workspaces/mgnlVersion/db  

Database Class Loader started - derby.database.classpath=''
